{
  "stats": {
    "suites": 1,
    "tests": 3,
    "passes": 1,
    "pending": 0,
    "failures": 2,
    "start": "2023-12-02T16:21:20.744Z",
    "end": "2023-12-02T16:21:21.649Z",
    "duration": 905,
    "testsRegistered": 3,
    "passPercent": 33.33333333333333,
    "pendingPercent": 0,
    "other": 0,
    "hasOther": false,
    "skipped": 0,
    "hasSkipped": false
  },
  "results": [
    {
      "uuid": "c2938c9b-9a0d-4dc3-a1c5-c7f8ce8071fa",
      "title": "",
      "fullFile": "cypress\\e2e\\add_pet.cy.js",
      "file": "cypress\\e2e\\add_pet.cy.js",
      "beforeHooks": [],
      "afterHooks": [],
      "tests": [],
      "suites": [
        {
          "uuid": "1e5e577c-8493-47af-97f5-bcf6e519549a",
          "title": "pet cycle",
          "fullFile": "",
          "file": "",
          "beforeHooks": [],
          "afterHooks": [],
          "tests": [
            {
              "title": "Should add a new pet",
              "fullTitle": "pet cycle Should add a new pet",
              "timedOut": null,
              "duration": 356,
              "state": "passed",
              "speed": "fast",
              "pass": true,
              "fail": false,
              "pending": false,
              "context": null,
              "code": "cy.fixture(\"pet_crude.json\").then(crude => {\n  crude.id = petId;\n  crude.category.id = dog.category.id;\n  crude.category.name = dog.category.name;\n  crude.name = dog.name;\n  crude.tags[0].id = dog.tag.id;\n  crude.tags[0].name = dog.tag.name;\n  crude.status = status;\n  expect(response.body).to.deep.eq(crude);\n  return createdPet = crude;\n});",
              "err": {},
              "uuid": "7630e265-13a1-4362-a662-01047f712576",
              "parentUUID": "1e5e577c-8493-47af-97f5-bcf6e519549a",
              "isHook": false,
              "skipped": false
            },
            {
              "title": "Should get an existing pet",
              "fullTitle": "pet cycle Should get an existing pet",
              "timedOut": null,
              "duration": 299,
              "state": "failed",
              "speed": null,
              "pass": false,
              "fail": true,
              "pending": false,
              "context": null,
              "code": "cy.request({\n  method: \"GET\",\n  url: `${addPetUri}/${petId}`,\n  headers: {\n    accept: \"application/json\"\n  }\n}).then(response => {\n  expect(response.body).to.deep.eq(crude);\n});",
              "err": {
                "message": "CypressError: `cy.request()` failed on:\n\nhttps://petstore.swagger.io/v2/pet/9223372036854747000\n\nThe response we received from your web server was:\n\n  > 404: Not Found\n\nThis was considered a failure because the status code was not `2xx` or `3xx`.\n\nIf you do not want status codes to cause failures pass the option: `failOnStatusCode: false`\n\n-----------------------------------------------------------\n\nThe request we sent was:\n\nMethod: GET\nURL: https://petstore.swagger.io/v2/pet/9223372036854747000\nHeaders: {\n  \"Connection\": \"keep-alive\",\n  \"accept\": \"application/json\",\n  \"user-agent\": \"Mozilla/5.0 (Windows NT 10.0; Win64; x64) AppleWebKit/537.36 (KHTML, like Gecko) Cypress/13.6.0 Chrome/114.0.5735.289 Electron/25.8.4 Safari/537.36\",\n  \"accept-encoding\": \"gzip, deflate\"\n}\n\n-----------------------------------------------------------\n\nThe response we got was:\n\nStatus: 404 - Not Found\nHeaders: {\n  \"date\": \"Sat, 02 Dec 2023 16:21:44 GMT\",\n  \"content-type\": \"application/json\",\n  \"transfer-encoding\": \"chunked\",\n  \"connection\": \"keep-alive\",\n  \"access-control-allow-origin\": \"*\",\n  \"access-control-allow-methods\": \"GET, POST, DELETE, PUT\",\n  \"access-control-allow-headers\": \"Content-Type, api_key, Authorization\",\n  \"server\": \"Jetty(9.2.9.v20150224)\"\n}\nBody: {\n  \"code\": 1,\n  \"type\": \"error\",\n  \"message\": \"Pet not found\"\n}\n\n\nhttps://on.cypress.io/request",
                "estack": "CypressError: `cy.request()` failed on:\n\nhttps://petstore.swagger.io/v2/pet/9223372036854747000\n\nThe response we received from your web server was:\n\n  > 404: Not Found\n\nThis was considered a failure because the status code was not `2xx` or `3xx`.\n\nIf you do not want status codes to cause failures pass the option: `failOnStatusCode: false`\n\n-----------------------------------------------------------\n\nThe request we sent was:\n\nMethod: GET\nURL: https://petstore.swagger.io/v2/pet/9223372036854747000\nHeaders: {\n  \"Connection\": \"keep-alive\",\n  \"accept\": \"application/json\",\n  \"user-agent\": \"Mozilla/5.0 (Windows NT 10.0; Win64; x64) AppleWebKit/537.36 (KHTML, like Gecko) Cypress/13.6.0 Chrome/114.0.5735.289 Electron/25.8.4 Safari/537.36\",\n  \"accept-encoding\": \"gzip, deflate\"\n}\n\n-----------------------------------------------------------\n\nThe response we got was:\n\nStatus: 404 - Not Found\nHeaders: {\n  \"date\": \"Sat, 02 Dec 2023 16:21:44 GMT\",\n  \"content-type\": \"application/json\",\n  \"transfer-encoding\": \"chunked\",\n  \"connection\": \"keep-alive\",\n  \"access-control-allow-origin\": \"*\",\n  \"access-control-allow-methods\": \"GET, POST, DELETE, PUT\",\n  \"access-control-allow-headers\": \"Content-Type, api_key, Authorization\",\n  \"server\": \"Jetty(9.2.9.v20150224)\"\n}\nBody: {\n  \"code\": 1,\n  \"type\": \"error\",\n  \"message\": \"Pet not found\"\n}\n\n\nhttps://on.cypress.io/request\n    at <unknown> (https://petstore.swagger.io/__cypress/runner/cypress_runner.js:133402:72)\n    at tryCatcher (https://petstore.swagger.io/__cypress/runner/cypress_runner.js:1807:23)\n    at Promise._settlePromiseFromHandler (https://petstore.swagger.io/__cypress/runner/cypress_runner.js:1519:31)\n    at Promise._settlePromise (https://petstore.swagger.io/__cypress/runner/cypress_runner.js:1576:18)\n    at Promise._settlePromise0 (https://petstore.swagger.io/__cypress/runner/cypress_runner.js:1621:10)\n    at Promise._settlePromises (https://petstore.swagger.io/__cypress/runner/cypress_runner.js:1701:18)\n    at _drainQueueStep (https://petstore.swagger.io/__cypress/runner/cypress_runner.js:2407:12)\n    at _drainQueue (https://petstore.swagger.io/__cypress/runner/cypress_runner.js:2400:9)\n    at Async._drainQueues (https://petstore.swagger.io/__cypress/runner/cypress_runner.js:2416:5)\n    at Async.drainQueues (https://petstore.swagger.io/__cypress/runner/cypress_runner.js:2286:14)\nFrom Your Spec Code:\n    at Context.eval (webpack://@nerdko/web-services-test-challenge/./cypress/e2e/add_pet.cy.js:12:6)",
                "diff": null
              },
              "uuid": "3c5fdf3c-3284-4a16-a910-6c604737bf77",
              "parentUUID": "1e5e577c-8493-47af-97f5-bcf6e519549a",
              "isHook": false,
              "skipped": false
            },
            {
              "title": "Should modify a pet",
              "fullTitle": "pet cycle Should modify a pet",
              "timedOut": null,
              "duration": 175,
              "state": "failed",
              "speed": null,
              "pass": false,
              "fail": true,
              "pending": false,
              "context": null,
              "code": "crude.name = \"Other Dog\";\ncy.request({\n  method: \"PUT\",\n  url: addPetUri,\n  body: crude\n}).then(response => {\n  expect(response.status).to.eq(200);\n  expect(response.body.name).to.deep.eq(crude.name);\n});",
              "err": {
                "message": "ReferenceError: crude is not defined",
                "estack": "ReferenceError: crude is not defined\n    at Context.eval (webpack://@nerdko/web-services-test-challenge/./cypress/e2e/add_pet.cy.js:46:4)",
                "diff": null
              },
              "uuid": "8b21ef26-8541-469b-ab6f-288b1a15df56",
              "parentUUID": "1e5e577c-8493-47af-97f5-bcf6e519549a",
              "isHook": false,
              "skipped": false
            }
          ],
          "suites": [],
          "passes": [
            "7630e265-13a1-4362-a662-01047f712576"
          ],
          "failures": [
            "3c5fdf3c-3284-4a16-a910-6c604737bf77",
            "8b21ef26-8541-469b-ab6f-288b1a15df56"
          ],
          "pending": [],
          "skipped": [],
          "duration": 830,
          "root": false,
          "rootEmpty": false,
          "_timeout": 2000
        }
      ],
      "passes": [],
      "failures": [],
      "pending": [],
      "skipped": [],
      "duration": 0,
      "root": true,
      "rootEmpty": true,
      "_timeout": 2000
    }
  ],
  "meta": {
    "mocha": {
      "version": "7.0.1"
    },
    "mochawesome": {
      "options": {
        "quiet": false,
        "reportFilename": "callenge-report",
        "saveHtml": true,
        "saveJson": true,
        "consoleReporter": "spec",
        "useInlineDiffs": false,
        "code": true
      },
      "version": "7.1.3"
    },
    "marge": {
      "options": {
        "reportFilename": "callenge-report"
      },
      "version": "6.2.0"
    }
  }
}